<?xml version="1.0" encoding="UTF-8"?>
<!-- Generated by org.testng.reporters.JUnitReportReporter -->
<testsuite skipped="0" hostname="sathvik" name="ModuleDataDriven.DataDrivenTestUsingXML" tests="3" failures="0" timestamp="24 Sep 2018 11:41:42 GMT" time="103.552" errors="0">
  <testcase name="search" time="31.091" classname="ModuleDataDriven.DataDrivenTestUsingXML"/>
  <testcase name="search" time="35.191" classname="ModuleDataDriven.DataDrivenTestUsingXML"/>
  <testcase name="search" time="37.270" classname="ModuleDataDriven.DataDrivenTestUsingXML"/>
</testsuite> <!-- ModuleDataDriven.DataDrivenTestUsingXML -->
