<?xml version="1.0" encoding="UTF-8"?>
<!-- Generated by org.testng.reporters.JUnitReportReporter -->
<testsuite skipped="0" hostname="sathvik" name="ModuleDataDriven.ParallelExecutionWithCrossBrowserTest" tests="9" failures="0" timestamp="24 Sep 2018 06:26:33 GMT" time="130.078" errors="0">
  <testcase name="close" time="4.439" classname="ModuleDataDriven.ParallelExecutionWithCrossBrowserTest"/>
  <testcase name="close" time="2.342" classname="ModuleDataDriven.ParallelExecutionWithCrossBrowserTest"/>
  <testcase name="launch" time="39.943" classname="ModuleDataDriven.ParallelExecutionWithCrossBrowserTest"/>
  <testcase name="launch" time="18.485" classname="ModuleDataDriven.ParallelExecutionWithCrossBrowserTest"/>
  <testcase name="launch" time="42.654" classname="ModuleDataDriven.ParallelExecutionWithCrossBrowserTest"/>
  <testcase name="search" time="7.649" classname="ModuleDataDriven.ParallelExecutionWithCrossBrowserTest"/>
  <testcase name="search" time="8.669" classname="ModuleDataDriven.ParallelExecutionWithCrossBrowserTest"/>
  <testcase name="search" time="5.781" classname="ModuleDataDriven.ParallelExecutionWithCrossBrowserTest"/>
  <testcase name="close" time="0.116" classname="ModuleDataDriven.ParallelExecutionWithCrossBrowserTest"/>
</testsuite> <!-- ModuleDataDriven.ParallelExecutionWithCrossBrowserTest -->
