<?xml version="1.0" encoding="UTF-8"?>
<!-- Generated by org.testng.reporters.JUnitReportReporter -->
<testsuite skipped="0" hostname="sathvik" name="Way2SMSModule.LogoutTest" tests="4" failures="0" timestamp="27 Sep 2018 11:29:21 GMT" time="15.066" errors="0">
  <testcase name="launch" time="8.632" classname="Way2SMSModule.LogoutTest"/>
  <testcase name="login" time="3.729" classname="Way2SMSModule.LogoutTest"/>
  <testcase name="logout" time="1.758" classname="Way2SMSModule.LogoutTest"/>
  <testcase name="close" time="0.947" classname="Way2SMSModule.LogoutTest"/>
</testsuite> <!-- Way2SMSModule.LogoutTest -->
