<?xml version="1.0" encoding="UTF-8"?>
<!-- Generated by org.testng.reporters.JUnitReportReporter -->
<testsuite skipped="0" hostname="sathvik" name="ModuleDataDriven.SameClassDataProviderTest" tests="3" failures="0" timestamp="22 Sep 2018 10:03:16 GMT" time="63.864" errors="0">
  <testcase name="search" time="23.168" classname="ModuleDataDriven.SameClassDataProviderTest"/>
  <testcase name="search" time="20.867" classname="ModuleDataDriven.SameClassDataProviderTest"/>
  <testcase name="search" time="19.829" classname="ModuleDataDriven.SameClassDataProviderTest"/>
</testsuite> <!-- ModuleDataDriven.SameClassDataProviderTest -->
