<?xml version="1.0" encoding="UTF-8"?>
<!-- Generated by org.testng.reporters.JUnitReportReporter -->
<testsuite skipped="0" hostname="sathvik" name="ModuleDataDriven.Grouping" tests="5" failures="0" timestamp="21 Sep 2018 11:16:45 GMT" time="0.074" errors="0">
  <testcase name="Scooter2" time="0.005" classname="ModuleDataDriven.Grouping"/>
  <testcase name="Sedan1" time="0.009" classname="ModuleDataDriven.Grouping"/>
  <testcase name="Car1" time="0.045" classname="ModuleDataDriven.Grouping"/>
  <testcase name="Car2" time="0.009" classname="ModuleDataDriven.Grouping"/>
  <testcase name="Scooter1" time="0.006" classname="ModuleDataDriven.Grouping"/>
</testsuite> <!-- ModuleDataDriven.Grouping -->
