<?xml version="1.0" encoding="UTF-8"?>
<!-- Generated by org.testng.reporters.JUnitReportReporter -->
<testsuite skipped="0" hostname="sathvik" name="ModuleDataDriven.SecondClass" tests="3" failures="0" timestamp="24 Sep 2018 06:54:57 GMT" time="24.276" errors="0">
  <testcase name="close" time="1.074" classname="ModuleDataDriven.SecondClass"/>
  <testcase name="search" time="8.598" classname="ModuleDataDriven.SecondClass"/>
  <testcase name="launch" time="14.604" classname="ModuleDataDriven.SecondClass"/>
</testsuite> <!-- ModuleDataDriven.SecondClass -->
