<?xml version="1.0" encoding="UTF-8"?>
<!-- Generated by org.testng.reporters.JUnitReportReporter -->
<testsuite skipped="0" hostname="sathvik" name="ModuleDataDriven.SequencelExcution" tests="2" failures="0" timestamp="21 Sep 2018 11:08:54 GMT" time="0.029" errors="0">
  <testcase name="testCase1" time="0.020" classname="ModuleDataDriven.SequencelExcution"/>
  <testcase name="testCase2" time="0.009" classname="ModuleDataDriven.SequencelExcution"/>
</testsuite> <!-- ModuleDataDriven.SequencelExcution -->
