<?xml version="1.0" encoding="UTF-8"?>
<!-- Generated by org.testng.reporters.JUnitReportReporter -->
<testsuite skipped="0" hostname="sathvik" name="ModuleDataDriven.FirstClass" tests="3" failures="0" timestamp="24 Sep 2018 06:54:57 GMT" time="24.138" errors="0">
  <testcase name="search" time="8.035" classname="ModuleDataDriven.FirstClass"/>
  <testcase name="launch" time="15.115" classname="ModuleDataDriven.FirstClass"/>
  <testcase name="close" time="0.988" classname="ModuleDataDriven.FirstClass"/>
</testsuite> <!-- ModuleDataDriven.FirstClass -->
