<?xml version="1.0" encoding="UTF-8"?>
<!-- Generated by org.testng.reporters.JUnitReportReporter -->
<testsuite skipped="0" hostname="sathvik" name="TestNGWithPOM.TestNGWithPOMTest" tests="1" failures="0" timestamp="24 Sep 2018 09:10:28 GMT" time="194.258" errors="0">
  <testcase name="mainMethod" time="194.258" classname="TestNGWithPOM.TestNGWithPOMTest"/>
</testsuite> <!-- TestNGWithPOM.TestNGWithPOMTest -->
