<?xml version="1.0" encoding="UTF-8"?>
<!-- Generated by org.testng.reporters.JUnitReportReporter -->
<testsuite skipped="0" hostname="sathvik" name="ModuleDataDriven.ListenersTestClass" tests="3" failures="0" timestamp="24 Sep 2018 07:12:55 GMT" time="19.279" errors="0">
  <testcase name="search" time="6.362" classname="ModuleDataDriven.ListenersTestClass"/>
  <testcase name="close" time="0.972" classname="ModuleDataDriven.ListenersTestClass"/>
  <testcase name="launch" time="11.945" classname="ModuleDataDriven.ListenersTestClass"/>
</testsuite> <!-- ModuleDataDriven.ListenersTestClass -->
