<?xml version="1.0" encoding="UTF-8"?>
<!-- Generated by org.testng.reporters.JUnitReportReporter -->
<testsuite skipped="0" hostname="sathvik" name="ModuleDataDriven.BrowserCompatabilityTest" tests="3" failures="0" timestamp="17 Sep 2018 11:36:35 GMT" time="65.146" errors="0">
  <testcase name="launch" time="56.402" classname="ModuleDataDriven.BrowserCompatabilityTest"/>
  <testcase name="fill" time="0.383" classname="ModuleDataDriven.BrowserCompatabilityTest"/>
  <testcase name="close" time="8.361" classname="ModuleDataDriven.BrowserCompatabilityTest"/>
</testsuite> <!-- ModuleDataDriven.BrowserCompatabilityTest -->
