<?xml version="1.0" encoding="UTF-8"?>
<!-- Generated by org.testng.reporters.JUnitReportReporter -->
<testsuite skipped="0" hostname="sathvik" name="Way2SMSModule.LoginPageTesting" tests="15" failures="0" timestamp="27 Sep 2018 11:29:21 GMT" time="202.000" errors="0">
  <testcase name="launch" time="38.646" classname="Way2SMSModule.LoginPageTesting"/>
  <testcase name="launch" time="38.953" classname="Way2SMSModule.LoginPageTesting"/>
  <testcase name="launch" time="39.002" classname="Way2SMSModule.LoginPageTesting"/>
  <testcase name="launch" time="36.779" classname="Way2SMSModule.LoginPageTesting"/>
  <testcase name="launch" time="32.512" classname="Way2SMSModule.LoginPageTesting"/>
  <testcase name="login" time="1.244" classname="Way2SMSModule.LoginPageTesting"/>
  <testcase name="login" time="3.835" classname="Way2SMSModule.LoginPageTesting"/>
  <testcase name="login" time="1.311" classname="Way2SMSModule.LoginPageTesting"/>
  <testcase name="login" time="1.323" classname="Way2SMSModule.LoginPageTesting"/>
  <testcase name="login" time="1.404" classname="Way2SMSModule.LoginPageTesting"/>
  <testcase name="close" time="2.142" classname="Way2SMSModule.LoginPageTesting"/>
  <testcase name="close" time="1.185" classname="Way2SMSModule.LoginPageTesting"/>
  <testcase name="close" time="1.326" classname="Way2SMSModule.LoginPageTesting"/>
  <testcase name="close" time="1.366" classname="Way2SMSModule.LoginPageTesting"/>
  <testcase name="close" time="0.972" classname="Way2SMSModule.LoginPageTesting"/>
</testsuite> <!-- Way2SMSModule.LoginPageTesting -->
