<?xml version="1.0" encoding="UTF-8"?>
<!-- Generated by org.testng.reporters.JUnitReportReporter -->
<testsuite skipped="0" hostname="sathvik" name="KeyworDrivenWithTestNG.KeywordDrivenWithTestNGMainClass" tests="1" failures="0" timestamp="24 Sep 2018 08:25:36 GMT" time="20.938" errors="0">
  <testcase name="MainMethod" time="20.938" classname="KeyworDrivenWithTestNG.KeywordDrivenWithTestNGMainClass"/>
</testsuite> <!-- KeyworDrivenWithTestNG.KeywordDrivenWithTestNGMainClass -->
