<?xml version="1.0" encoding="UTF-8"?>
<!-- Generated by org.testng.reporters.JUnitReportReporter -->
<testsuite skipped="0" hostname="sathvik" name="ModuleDataDriven.Dependent" tests="1" failures="0" timestamp="21 Sep 2018 11:05:29 GMT" time="0.045" errors="0">
  <testcase name="OpenBrowser" time="0.045" classname="ModuleDataDriven.Dependent"/>
</testsuite> <!-- ModuleDataDriven.Dependent -->
