<?xml version="1.0" encoding="UTF-8"?>
<!-- Generated by org.testng.reporters.JUnitReportReporter -->
<testsuite hostname="sathvik" name="Module.KeywordDrivenWithTestNGandMavenRunner" tests="1" failures="0" timestamp="5 Oct 2018 07:57:05 GMT" time="26.562" errors="0">
  <testcase name="mainMethod" time="26.562" classname="Module.KeywordDrivenWithTestNGandMavenRunner"/>
</testsuite> <!-- Module.KeywordDrivenWithTestNGandMavenRunner -->
