<?xml version="1.0" encoding="UTF-8"?>
<!-- Generated by org.testng.reporters.JUnitReportReporter -->
<testsuite skipped="0" hostname="sathvik" name="AppsTesting.Sample2" tests="2" failures="0" timestamp="05 Oct 2018 06:46:59 GMT" time="0.065" errors="0">
  <testcase name="f" time="0.041" classname="AppsTesting.Sample2"/>
  <testcase name="f2" time="0.024" classname="AppsTesting.Sample2"/>
</testsuite> <!-- AppsTesting.Sample2 -->
