<?xml version="1.0" encoding="UTF-8"?>
<!-- Generated by org.testng.reporters.JUnitReportReporter -->
<testsuite skipped="0" hostname="sathvik" name="AppsTesting.Sample3" tests="1" failures="0" timestamp="05 Oct 2018 06:46:59 GMT" time="0.029" errors="0">
  <testcase name="f3" time="0.029" classname="AppsTesting.Sample3"/>
</testsuite> <!-- AppsTesting.Sample3 -->
