<?xml version="1.0" encoding="UTF-8"?>
<!-- Generated by org.testng.reporters.JUnitReportReporter -->
<testsuite skipped="0" hostname="sathvik" name="AppsTesting.DragAndDropTestInVodqaApp" tests="1" failures="0" timestamp="28 Sep 2018 11:41:34 GMT" time="51.414" errors="0">
  <testcase name="dragAndDrop" time="51.414" classname="AppsTesting.DragAndDropTestInVodqaApp"/>
</testsuite> <!-- AppsTesting.DragAndDropTestInVodqaApp -->
