<?xml version="1.0" encoding="UTF-8"?>
<!-- Generated by org.testng.reporters.JUnitReportReporter -->
<testsuite skipped="0" hostname="sathvik" name="AppsTesting.SampleTestNGClass" tests="2" failures="0" timestamp="28 Sep 2018 10:34:34 GMT" time="0.046" errors="0">
  <testcase name="f" time="0.025" classname="AppsTesting.SampleTestNGClass"/>
  <testcase name="f2" time="0.021" classname="AppsTesting.SampleTestNGClass"/>
</testsuite> <!-- AppsTesting.SampleTestNGClass -->
