<?xml version="1.0" encoding="UTF-8"?>
<!-- Generated by org.testng.reporters.JUnitReportReporter -->
<testsuite skipped="0" hostname="sathvik" name="AppsTesting.CalculatorAppTest" tests="1" failures="0" timestamp="28 Sep 2018 09:22:17 GMT" time="47.282" errors="0">
  <testcase name="claculatorTest" time="47.282" classname="AppsTesting.CalculatorAppTest"/>
</testsuite> <!-- AppsTesting.CalculatorAppTest -->
