<?xml version="1.0" encoding="UTF-8"?>
<!-- Generated by org.testng.reporters.JUnitReportReporter -->
<testsuite hostname="sathvik" name="Module.KeywordDrivenWithTestNGandMavenRunner" tests="1" failures="0" timestamp="4 Oct 2018 11:26:31 GMT" time="44.175" errors="0">
  <testcase name="mainMethod" time="44.175" classname="Module.KeywordDrivenWithTestNGandMavenRunner"/>
</testsuite> <!-- Module.KeywordDrivenWithTestNGandMavenRunner -->
